#
# There is insufficient memory for the Java Runtime Environment to continue.
# Native memory allocation (malloc) failed to allocate 1048576 bytes for AllocateHeap
# Possible reasons:
#   The system is out of physical RAM or swap space
#   In 32 bit mode, the process size limit was hit
# Possible solutions:
#   Reduce memory load on the system
#   Increase physical memory or swap space
#   Check if swap backing store is full
#   Use 64 bit Java on a 64 bit OS
#   Decrease Java heap size (-Xmx/-Xms)
#   Decrease number of Java threads
#   Decrease Java thread stack sizes (-Xss)
#   Set larger code cache with -XX:ReservedCodeCacheSize=
# This output file may be truncated or incomplete.
#
#  Out of Memory Error (memory/allocation.inline.hpp:61), pid=9280, tid=0x0000000000003e70
#
# JRE version:  (8.0_171-b11) (build )
# Java VM: Java HotSpot(TM) 64-Bit Server VM (25.171-b11 mixed mode windows-amd64 compressed oops)
# Failed to write core dump. Minidumps are not enabled by default on client versions of Windows
#

---------------  T H R E A D  ---------------

Current thread (0x0000000002e92800):  JavaThread "Unknown thread" [_thread_in_vm, id=15984, stack(0x0000000002d70000,0x0000000002e70000)]

Stack: [0x0000000002d70000,0x0000000002e70000]
[error occurred during error reporting (printing stack bounds), id 0xc0000005]

Native frames: (J=compiled Java code, j=interpreted, Vv=VM code, C=native code)


---------------  P R O C E S S  ---------------

Java Threads: ( => current thread )

Other Threads:

=>0x0000000002e92800 (exited) JavaThread "Unknown thread" [_thread_in_vm, id=15984, stack(0x0000000002d70000,0x0000000002e70000)]

VM state:not at safepoint (normal execution)

VM Mutex/Monitor currently owned by a thread: None

Heap:
 PSYoungGen      total 18944K, used 327K [0x00000000feb00000, 0x0000000100000000, 0x0000000100000000)
  eden space 16384K, 2% used [0x00000000feb00000,0x00000000feb51ec8,0x00000000ffb00000)
  from space 2560K, 0% used [0x00000000ffd80000,0x00000000ffd80000,0x0000000100000000)
  to   space 2560K, 0% used [0x00000000ffb00000,0x00000000ffb00000,0x00000000ffd80000)
 ParOldGen       total 44032K, used 0K [0x00000000fc000000, 0x00000000feb00000, 0x00000000feb00000)
  object space 44032K, 0% used [0x00000000fc000000,0x00000000fc000000,0x00000000feb00000)
 Metaspace       used 774K, capacity 4480K, committed 4480K, reserved 1056768K
  class space    used 76K, capacity 384K, committed 384K, reserved 1048576K

Card table byte_map: [0x00000000013a0000,0x00000000013d0000] byte_map_base: 0x0000000000bc0000

Marking Bits: (ParMarkBitMap*) 0x000000006ffa08c0
 Begin Bits: [0x0000000012750000, 0x0000000012850000)
 End Bits:   [0x0000000012850000, 0x0000000012950000)

Polling page: 0x0000000001370000

CodeCache: size=245760Kb used=328Kb max_used=328Kb free=245431Kb
 bounds [0x0000000002f90000, 0x0000000003200000, 0x0000000011f90000]
 total_blobs=58 nmethods=0 adapters=38
 compilation: enabled

Compilation events (0 events):
No events

GC Heap History (0 events):
No events

Deoptimization events (0 events):
No events

Classes redefined (0 events):
No events

Internal exceptions (0 events):
No events

Events (10 events):
Event: 0.021 loading class java/lang/Short
Event: 0.021 loading class java/lang/Short done
Event: 0.021 loading class java/lang/Integer
Event: 0.021 loading class java/lang/Integer done
Event: 0.021 loading class java/lang/Long
Event: 0.021 loading class java/lang/Long done
Event: 0.022 loading class java/lang/NullPointerException
Event: 0.022 loading class java/lang/NullPointerException done
Event: 0.022 loading class java/lang/ArithmeticException
Event: 0.022 loading class java/lang/ArithmeticException done


Dynamic libraries:
0x00007ff6e7420000 - 0x00007ff6e7457000 	E:\Program Files\Java\jdk1.8.0_171\bin\java.exe
0x00007ffad6470000 - 0x00007ffad6651000 	C:\WINDOWS\SYSTEM32\ntdll.dll
0x00007ffad4450000 - 0x00007ffad4502000 	C:\WINDOWS\System32\KERNEL32.DLL
0x00007ffad2bc0000 - 0x00007ffad2e33000 	C:\WINDOWS\System32\KERNELBASE.dll
0x00007ffad3aa0000 - 0x00007ffad3b41000 	C:\WINDOWS\System32\ADVAPI32.dll
0x00007ffad3b50000 - 0x00007ffad3bee000 	C:\WINDOWS\System32\msvcrt.dll
0x00007ffad5e50000 - 0x00007ffad5eab000 	C:\WINDOWS\System32\sechost.dll
0x00007ffad6310000 - 0x00007ffad6434000 	C:\WINDOWS\System32\RPCRT4.dll
0x00007ffad46d0000 - 0x00007ffad4860000 	C:\WINDOWS\System32\USER32.dll
0x00007ffad3650000 - 0x00007ffad3670000 	C:\WINDOWS\System32\win32u.dll
0x00007ffad4080000 - 0x00007ffad40a8000 	C:\WINDOWS\System32\GDI32.dll
0x00007ffad2970000 - 0x00007ffad2b02000 	C:\WINDOWS\System32\gdi32full.dll
0x00007ffad3860000 - 0x00007ffad38ff000 	C:\WINDOWS\System32\msvcp_win.dll
0x00007ffad2e40000 - 0x00007ffad2f3a000 	C:\WINDOWS\System32\ucrtbase.dll
0x00007ffaca0a0000 - 0x00007ffaca309000 	C:\WINDOWS\WinSxS\amd64_microsoft.windows.common-controls_6595b64144ccf1df_6.0.17134.48_none_b4b2216a3cb4dd3e\COMCTL32.dll
0x00007ffad4120000 - 0x00007ffad4443000 	C:\WINDOWS\System32\combase.dll
0x00007ffad28f0000 - 0x00007ffad296a000 	C:\WINDOWS\System32\bcryptPrimitives.dll
0x00007ffad3900000 - 0x00007ffad392d000 	C:\WINDOWS\System32\IMM32.DLL
0x0000000070020000 - 0x00000000700f2000 	E:\Program Files\Java\jdk1.8.0_171\jre\bin\msvcr100.dll
0x000000006f780000 - 0x0000000070020000 	E:\Program Files\Java\jdk1.8.0_171\jre\bin\server\jvm.dll
0x00007ffad5e40000 - 0x00007ffad5e48000 	C:\WINDOWS\System32\PSAPI.DLL
0x00007ffad0620000 - 0x00007ffad0643000 	C:\WINDOWS\SYSTEM32\WINMM.dll
0x00007ffacd130000 - 0x00007ffacd13a000 	C:\WINDOWS\SYSTEM32\VERSION.dll
0x00007fface350000 - 0x00007fface359000 	C:\WINDOWS\SYSTEM32\WSOCK32.dll
0x00007ffad40b0000 - 0x00007ffad411c000 	C:\WINDOWS\System32\WS2_32.dll
0x00007ffad04d0000 - 0x00007ffad04fa000 	C:\WINDOWS\SYSTEM32\WINMMBASE.dll
0x00007ffad2b10000 - 0x00007ffad2b59000 	C:\WINDOWS\System32\cfgmgr32.dll
0x000000006f770000 - 0x000000006f77f000 	E:\Program Files\Java\jdk1.8.0_171\jre\bin\verify.dll
0x000000006f740000 - 0x000000006f769000 	E:\Program Files\Java\jdk1.8.0_171\jre\bin\java.dll
0x000000006f720000 - 0x000000006f736000 	E:\Program Files\Java\jdk1.8.0_171\jre\bin\zip.dll

VM Arguments:
jvm_args: -Xmx64M -Dfile.encoding=UTF8 
java_command: E:\Program Files\Unity\2018.1.1f1\Editor\Data\PlaybackEngines\AndroidPlayer/Tools\sdktools.jar -
java_class_path (initial): E:\Program Files\Unity\2018.1.1f1\Editor\Data\PlaybackEngines\AndroidPlayer/Tools\sdktools.jar
Launcher Type: SUN_STANDARD

Environment Variables:
PATH=C:\ProgramData\Oracle\Java\javapath;C:\Program Files (x86)\PC Connectivity Solution\;C:\Windows\System32;C:\Windows;C:\Windows\System32\wbem;C:\Windows\System32\WindowsPowerShell\v1.0\;C:\Program Files\ATI Technologies\ATI.ACE\Core-Static;C:\Program Files\Microsoft\Web Platform Installer\;C:\Program Files (x86)\Microsoft ASP.NET\ASP.NET Web Pages\v1.0\;C:\Program Files\Microsoft SQL Server\110\Tools\Binn\;C:\Program Files (x86)\nodejs\;C:\Program Files (x86)\Microsoft SDKs\TypeScript\;C:\Program Files\TortoiseSVN\bin;C:\Program Files (x86)\Windows Live\Shared;C:\Program Files (x86)\ATI Technologies\ATI.ACE\Core-Static;C:\Program Files (x86)\Skype\Phone\;C:\Program Files (x86)\IVI Foundation\VISA\WinNT\Bin;C:\Program Files (x86)\GtkSharp\2.12\bin;C:\Users\Clement\.dnx\bin;C:\Program Files\Microsoft DNX\Dnvm\;C:\Program Files (x86)\NVIDIA Corporation\PhysX\Common;C:\WINDOWS\system32;C:\WINDOWS;C:\WINDOWS\System32\Wbem;C:\WINDOWS\System32\WindowsPowerShell\v1.0\;C:\WINDOWS\System32\OpenSSH\;C:\Users\Clement\AppData\Roaming\npm;%USERPROFILE%\AppData\Local\Microsoft\WindowsApps;
USERNAME=Clement
OS=Windows_NT
PROCESSOR_IDENTIFIER=Intel64 Family 6 Model 58 Stepping 9, GenuineIntel



---------------  S Y S T E M  ---------------

OS: Windows 10.0 , 64 bit Build 17134 (10.0.17134.1)

CPU:total 4 (initial active 4) (4 cores per cpu, 1 threads per core) family 6 model 58 stepping 9, cmov, cx8, fxsr, mmx, sse, sse2, sse3, ssse3, sse4.1, sse4.2, popcnt, avx, aes, clmul, erms, tsc, tscinvbit, tscinv

Memory: 4k page, physical 8336092k(2764260k free), swap 9384668k(5460k free)

vm_info: Java HotSpot(TM) 64-Bit Server VM (25.171-b11) for windows-amd64 JRE (1.8.0_171-b11), built on Mar 28 2018 16:06:12 by "java_re" with MS VC++ 10.0 (VS2010)

time: Thu May 31 23:13:00 2018
elapsed time: 0 seconds (0d 0h 0m 0s)

